<?xml version="1.0" encoding="UTF-8"?>
<!-- Generated by org.testng.reporters.JUnitReportReporter -->
<testsuite hostname="LTIN485176" failures="0" tests="1" name="org.sample.TutorialPoint.test" time="0.019" errors="0" timestamp="2025-03-02T10:31:34 IST" skipped="0">
  <testcase classname="org.sample.TutorialPoint.test" name="test1" time="0.019"/>
</testsuite> <!-- org.sample.TutorialPoint.test -->
