<?xml version="1.0" encoding="UTF-8"?>
<!-- Generated by org.testng.reporters.JUnitReportReporter -->
<testsuite hostname="LTIN485176" failures="0" tests="1" name="org.sample.TutorialPoint.Parallel_Execuation" time="33.046" errors="0" timestamp="2025-05-02T10:02:28 IST" skipped="0">
  <testcase classname="org.sample.TutorialPoint.Parallel_Execuation" name="Verify_Widgets" time="33.046"/>
</testsuite> <!-- org.sample.TutorialPoint.Parallel_Execuation -->
