<?xml version="1.0" encoding="UTF-8"?>
<!-- Generated by org.testng.reporters.JUnitReportReporter -->
<testsuite hostname="LTIN485176" failures="0" tests="3" name="org.sample.TutorialPoint.SessionHandling" time="204.887" errors="0" timestamp="2025-04-18T16:35:28 IST" skipped="0">
  <testcase classname="org.sample.TutorialPoint.SessionHandling" name="method2" time="67.038"/>
  <testcase classname="org.sample.TutorialPoint.SessionHandling" name="method1" time="67.028"/>
  <testcase classname="org.sample.TutorialPoint.SessionHandling" name="method3" time="70.821"/>
</testsuite> <!-- org.sample.TutorialPoint.SessionHandling -->
