<?xml version="1.0" encoding="UTF-8"?>
<!-- Generated by org.testng.reporters.JUnitReportReporter -->
<testsuite hostname="LTIN485176" failures="0" tests="4" name="org.sample.TutorialPoint.Parallel_Execuation" time="261.000" errors="0" timestamp="2025-04-11T18:11:00 IST" skipped="0">
  <testcase classname="org.sample.TutorialPoint.Parallel_Execuation" name="Verify_Elements" time="27.112"/>
  <testcase classname="org.sample.TutorialPoint.Parallel_Execuation" name="Verify_Forms" time="67.988"/>
  <testcase classname="org.sample.TutorialPoint.Parallel_Execuation" name="Verify_Widgets" time="142.349"/>
  <testcase classname="org.sample.TutorialPoint.Parallel_Execuation" name="Verify_AlertsFamesAndWindows" time="23.551"/>
</testsuite> <!-- org.sample.TutorialPoint.Parallel_Execuation -->
