<?xml version="1.0" encoding="UTF-8"?>
<!-- Generated by org.testng.reporters.JUnitReportReporter -->
<testsuite hostname="LTIN485176" failures="0" tests="3" name="org.sample.TutorialPoint.Test1" time="241.296" errors="0" timestamp="2025-04-03T15:33:39 IST" skipped="0">
  <testcase classname="org.sample.TutorialPoint.Test1" name="openBrowser" time="4.527"/>
  <testcase classname="org.sample.TutorialPoint.Test1" name="selectCategory" time="1.573"/>
  <testcase classname="org.sample.TutorialPoint.Test1" name="seleniumAutomationTesting" time="235.196"/>
</testsuite> <!-- org.sample.TutorialPoint.Test1 -->
