<?xml version="1.0" encoding="UTF-8"?>
<!-- Generated by org.testng.reporters.JUnitReportReporter -->
<testsuite hostname="LTIN485176" failures="0" tests="3" name="org.sample.TutorialPoint.DependsON" time="242.766" errors="0" timestamp="2025-04-04T12:45:36 IST" skipped="0">
  <testcase classname="org.sample.TutorialPoint.DependsON" name="seleniumAutomationTesting" time="235.626"/>
  <testcase classname="org.sample.TutorialPoint.DependsON" name="selectCategory" time="3.483"/>
  <testcase classname="org.sample.TutorialPoint.DependsON" name="openBrowser" time="3.657"/>
</testsuite> <!-- org.sample.TutorialPoint.DependsON -->
