<?xml version="1.0" encoding="UTF-8"?>
<!-- Generated by org.testng.reporters.JUnitReportReporter -->
<testsuite hostname="LTIN485176" failures="0" tests="1" name="ReuseableMethods.PropertiesOperations" time="0.036" errors="0" timestamp="2025-04-23T09:43:43 IST" skipped="0">
  <testcase classname="ReuseableMethods.PropertiesOperations" name="test" time="0.036"/>
</testsuite> <!-- ReuseableMethods.PropertiesOperations -->
