<?xml version="1.0" encoding="UTF-8"?>
<!-- Generated by org.testng.reporters.JUnitReportReporter -->
<testsuite hostname="LTIN485176" failures="0" tests="2" name="org.sample.TutorialPoint.testing" time="69.402" errors="0" timestamp="2025-03-28T14:11:08 IST" skipped="0">
  <testcase classname="org.sample.TutorialPoint.testing" name="openBrowser" time="5.312"/>
  <testcase classname="org.sample.TutorialPoint.testing" name="test" time="64.090"/>
</testsuite> <!-- org.sample.TutorialPoint.testing -->
